<?xml version="1.0" encoding="UTF-8"?>
<testsuite name="ru.sobinda.RZDInterview.service.StationServiceTest" tests="3" skipped="0" failures="0" errors="0" timestamp="2025-04-13T15:34:20" hostname="VADIM" time="0.035">
  <properties/>
  <testcase name="getStationByIdOk()" classname="ru.sobinda.RZDInterview.service.StationServiceTest" time="0.032"/>
  <testcase name="getAllStations()" classname="ru.sobinda.RZDInterview.service.StationServiceTest" time="0.002"/>
  <testcase name="getStationByIdBad()" classname="ru.sobinda.RZDInterview.service.StationServiceTest" time="0.001"/>
  <system-out><![CDATA[----------------------------------------------------------------------------------------------------
Начало теста
Окончание теста
----------------------------------------------------------------------------------------------------
----------------------------------------------------------------------------------------------------
Начало теста
Окончание теста
----------------------------------------------------------------------------------------------------
----------------------------------------------------------------------------------------------------
Начало теста
Окончание теста
----------------------------------------------------------------------------------------------------
]]></system-out>
  <system-err><![CDATA[]]></system-err>
</testsuite>
