<?xml version="1.0" encoding="UTF-8"?>
<testsuite name="ru.sobinda.RZDInterview.service.DirectoryOfCargoNomenclaturesServiceTest" tests="7" skipped="0" failures="0" errors="0" timestamp="2025-04-13T15:34:20" hostname="VADIM" time="0.065">
  <properties/>
  <testcase name="getNomenclatureByCodeBad()" classname="ru.sobinda.RZDInterview.service.DirectoryOfCargoNomenclaturesServiceTest" time="0.045"/>
  <testcase name="getNomenclatureByNameBad()" classname="ru.sobinda.RZDInterview.service.DirectoryOfCargoNomenclaturesServiceTest" time="0.002"/>
  <testcase name="getAllNomenclatures()" classname="ru.sobinda.RZDInterview.service.DirectoryOfCargoNomenclaturesServiceTest" time="0.003"/>
  <testcase name="getNomenclatureByIdOk()" classname="ru.sobinda.RZDInterview.service.DirectoryOfCargoNomenclaturesServiceTest" time="0.004"/>
  <testcase name="getNomenclatureByCodeOk()" classname="ru.sobinda.RZDInterview.service.DirectoryOfCargoNomenclaturesServiceTest" time="0.002"/>
  <testcase name="getNomenclatureByIdBad()" classname="ru.sobinda.RZDInterview.service.DirectoryOfCargoNomenclaturesServiceTest" time="0.002"/>
  <testcase name="getNomenclatureByNameOk()" classname="ru.sobinda.RZDInterview.service.DirectoryOfCargoNomenclaturesServiceTest" time="0.003"/>
  <system-out><![CDATA[----------------------------------------------------------------------------------------------------
Начало теста
2025-04-13 18:34:20.686  INFO 13508 --- [    Test worker] R.s.DirectoryOfCargoNomenclaturesService : Наличие номенклатуры по code=458-854 : false
Окончание теста
----------------------------------------------------------------------------------------------------
----------------------------------------------------------------------------------------------------
Начало теста
2025-04-13 18:34:20.689  INFO 13508 --- [    Test worker] R.s.DirectoryOfCargoNomenclaturesService : Наличие номенклатуры по name=Тестовый продукт : false
Окончание теста
----------------------------------------------------------------------------------------------------
----------------------------------------------------------------------------------------------------
Начало теста
2025-04-13 18:34:20.692  INFO 13508 --- [    Test worker] R.s.DirectoryOfCargoNomenclaturesService : Наличие списка номенклатуры в запросе: true
Окончание теста
----------------------------------------------------------------------------------------------------
----------------------------------------------------------------------------------------------------
Начало теста
2025-04-13 18:34:20.697  INFO 13508 --- [    Test worker] R.s.DirectoryOfCargoNomenclaturesService : Наличие номенклатуры по id=1 : true
Окончание теста
----------------------------------------------------------------------------------------------------
----------------------------------------------------------------------------------------------------
Начало теста
2025-04-13 18:34:20.700  INFO 13508 --- [    Test worker] R.s.DirectoryOfCargoNomenclaturesService : Наличие номенклатуры по code=458-854 : true
Окончание теста
----------------------------------------------------------------------------------------------------
----------------------------------------------------------------------------------------------------
Начало теста
2025-04-13 18:34:20.703  INFO 13508 --- [    Test worker] R.s.DirectoryOfCargoNomenclaturesService : Наличие номенклатуры по id=1 : false
Окончание теста
----------------------------------------------------------------------------------------------------
----------------------------------------------------------------------------------------------------
Начало теста
2025-04-13 18:34:20.705  INFO 13508 --- [    Test worker] R.s.DirectoryOfCargoNomenclaturesService : Наличие номенклатуры по name=Тестовый продукт : true
Окончание теста
----------------------------------------------------------------------------------------------------
]]></system-out>
  <system-err><![CDATA[]]></system-err>
</testsuite>
